#
# There is insufficient memory for the Java Runtime Environment to continue.
# Native memory allocation (malloc) failed to allocate 1048576 bytes for AllocateHeap
# Possible reasons:
#   The system is out of physical RAM or swap space
#   In 32 bit mode, the process size limit was hit
# Possible solutions:
#   Reduce memory load on the system
#   Increase physical memory or swap space
#   Check if swap backing store is full
#   Use 64 bit Java on a 64 bit OS
#   Decrease Java heap size (-Xmx/-Xms)
#   Decrease number of Java threads
#   Decrease Java thread stack sizes (-Xss)
#   Set larger code cache with -XX:ReservedCodeCacheSize=
# This output file may be truncated or incomplete.
#
#  Out of Memory Error (memory/allocation.inline.hpp:61), pid=9452, tid=0x0000000000001784
#
# JRE version:  (8.0) (build )
# Java VM: OpenJDK 64-Bit Server VM (25.71-b00 mixed mode windows-amd64 compressed oops)
# Failed to write core dump. Minidumps are not enabled by default on client versions of Windows
#

---------------  T H R E A D  ---------------

Current thread (0x0000000002401000):  JavaThread "Unknown thread" [_thread_in_vm, id=6020, stack(0x0000000002220000,0x0000000002320000)]

Stack: [0x0000000002220000,0x0000000002320000]
[error occurred during error reporting (printing stack bounds), id 0xc0000005]

Native frames: (J=compiled Java code, j=interpreted, Vv=VM code, C=native code)


---------------  P R O C E S S  ---------------

Java Threads: ( => current thread )

Other Threads:

=>0x0000000002401000 (exited) JavaThread "Unknown thread" [_thread_in_vm, id=6020, stack(0x0000000002220000,0x0000000002320000)]

VM state:not at safepoint (normal execution)

VM Mutex/Monitor currently owned by a thread: None

Heap:
 PSYoungGen      total 18944K, used 327K [0x00000000eb400000, 0x00000000ec900000, 0x0000000100000000)
  eden space 16384K, 2% used [0x00000000eb400000,0x00000000eb451ec8,0x00000000ec400000)
  from space 2560K, 0% used [0x00000000ec680000,0x00000000ec680000,0x00000000ec900000)
  to   space 2560K, 0% used [0x00000000ec400000,0x00000000ec400000,0x00000000ec680000)
 ParOldGen       total 44032K, used 0K [0x00000000c1c00000, 0x00000000c4700000, 0x00000000eb400000)
  object space 44032K, 0% used [0x00000000c1c00000,0x00000000c1c00000,0x00000000c4700000)
 Metaspace       used 777K, capacity 4480K, committed 4480K, reserved 1056768K
  class space    used 74K, capacity 384K, committed 384K, reserved 1048576K

Card table byte_map: [0x00000000118c0000,0x0000000011ac0000] byte_map_base: 0x00000000112b2000

Marking Bits: (ParMarkBitMap*) 0x000000006859be50
 Begin Bits: [0x0000000012010000, 0x0000000012fa0000)
 End Bits:   [0x0000000012fa0000, 0x0000000013f30000)

Polling page: 0x0000000000980000

CodeCache: size=245760Kb used=327Kb max_used=327Kb free=245432Kb
 bounds [0x0000000002500000, 0x0000000002770000, 0x0000000011500000]
 total_blobs=56 nmethods=0 adapters=38
 compilation: enabled

Compilation events (0 events):
No events

GC Heap History (0 events):
No events

Deoptimization events (0 events):
No events

Classes redefined (0 events):
No events

Internal exceptions (0 events):
No events

Events (10 events):
Event: 0.060 loading class java/lang/Short
Event: 0.060 loading class java/lang/Short done
Event: 0.060 loading class java/lang/Integer
Event: 0.060 loading class java/lang/Integer done
Event: 0.060 loading class java/lang/Long
Event: 0.060 loading class java/lang/Long done
Event: 0.062 loading class java/lang/NullPointerException
Event: 0.062 loading class java/lang/NullPointerException done
Event: 0.062 loading class java/lang/ArithmeticException
Event: 0.062 loading class java/lang/ArithmeticException done


Dynamic libraries:
0x00007ff757190000 - 0x00007ff7571c5000 	C:\Program Files\Unity\2019.3.11f1\Editor\Data\PlaybackEngines\AndroidPlayer\OpenJDK\bin\java.exe
0x00007ff8793c0000 - 0x00007ff8795b0000 	C:\Windows\SYSTEM32\ntdll.dll
0x00007ff877e40000 - 0x00007ff877ef2000 	C:\Windows\System32\KERNEL32.DLL
0x00007ff876520000 - 0x00007ff8767c4000 	C:\Windows\System32\KERNELBASE.dll
0x00007ff878b60000 - 0x00007ff878c03000 	C:\Windows\System32\ADVAPI32.dll
0x00007ff877470000 - 0x00007ff87750e000 	C:\Windows\System32\msvcrt.dll
0x00007ff877a60000 - 0x00007ff877af7000 	C:\Windows\System32\sechost.dll
0x00007ff877f00000 - 0x00007ff878020000 	C:\Windows\System32\RPCRT4.dll
0x00007ff877570000 - 0x00007ff877704000 	C:\Windows\System32\USER32.dll
0x00007ff876b20000 - 0x00007ff876b41000 	C:\Windows\System32\win32u.dll
0x00007ff877790000 - 0x00007ff8777b6000 	C:\Windows\System32\GDI32.dll
0x00007ff8772d0000 - 0x00007ff877464000 	C:\Windows\System32\gdi32full.dll
0x00007ff876830000 - 0x00007ff8768ce000 	C:\Windows\System32\msvcp_win.dll
0x00007ff876a20000 - 0x00007ff876b1a000 	C:\Windows\System32\ucrtbase.dll
0x00007ff84fa30000 - 0x00007ff84fcb4000 	C:\Windows\WinSxS\amd64_microsoft.windows.common-controls_6595b64144ccf1df_6.0.18362.836_none_e6c4b943130f18ed\COMCTL32.dll
0x00007ff877b00000 - 0x00007ff877e36000 	C:\Windows\System32\combase.dll
0x00007ff876350000 - 0x00007ff8763d0000 	C:\Windows\System32\bcryptPrimitives.dll
0x00007ff8789d0000 - 0x00007ff8789fe000 	C:\Windows\System32\IMM32.DLL
0x0000000068620000 - 0x00000000686f2000 	C:\Program Files\Unity\2019.3.11f1\Editor\Data\PlaybackEngines\AndroidPlayer\OpenJDK\jre\bin\msvcr100.dll
0x0000000067dd0000 - 0x0000000068619000 	C:\Program Files\Unity\2019.3.11f1\Editor\Data\PlaybackEngines\AndroidPlayer\OpenJDK\jre\bin\server\jvm.dll
0x00007ff877820000 - 0x00007ff877828000 	C:\Windows\System32\PSAPI.DLL
0x00007ff873bc0000 - 0x00007ff873be4000 	C:\Windows\SYSTEM32\WINMM.dll
0x00007ff864110000 - 0x00007ff864119000 	C:\Windows\SYSTEM32\WSOCK32.dll
0x00007ff878960000 - 0x00007ff8789cf000 	C:\Windows\System32\WS2_32.dll
0x00007ff86fa30000 - 0x00007ff86fa3a000 	C:\Windows\SYSTEM32\VERSION.dll
0x00007ff873b90000 - 0x00007ff873bbd000 	C:\Windows\SYSTEM32\WINMMBASE.dll
0x00007ff8764d0000 - 0x00007ff87651a000 	C:\Windows\System32\cfgmgr32.dll
0x00007ff85aea0000 - 0x00007ff85aeaf000 	C:\Program Files\Unity\2019.3.11f1\Editor\Data\PlaybackEngines\AndroidPlayer\OpenJDK\jre\bin\verify.dll
0x00007ff841a40000 - 0x00007ff841a69000 	C:\Program Files\Unity\2019.3.11f1\Editor\Data\PlaybackEngines\AndroidPlayer\OpenJDK\jre\bin\java.dll
0x00007ff843d30000 - 0x00007ff843d46000 	C:\Program Files\Unity\2019.3.11f1\Editor\Data\PlaybackEngines\AndroidPlayer\OpenJDK\jre\bin\zip.dll

VM Arguments:
java_command: org.gradle.launcher.GradleMain -Dorg.gradle.jvmargs=-Xmx4096m --stop
java_class_path (initial): C:\Program Files\Unity\2019.3.11f1\Editor\Data\PlaybackEngines\AndroidPlayer\Tools\gradle\lib\gradle-launcher-5.1.1.jar
Launcher Type: SUN_STANDARD

Environment Variables:
JAVA_HOME=C:/Program Files/Unity/2019.3.11f1/Editor/Data/PlaybackEngines/AndroidPlayer\OpenJDK
PATH=C:\Program Files (x86)\Common Files\Oracle\Java\javapath;C:\Program Files (x86)\Common Files\Intel\Shared Libraries\redist\intel64\compiler;C:\Windows\system32;C:\Windows;C:\Windows\System32\Wbem;C:\Windows\System32\WindowsPowerShell\v1.0\;C:\Windows\System32\OpenSSH\;C:\Program Files (x86)\GtkSharp\2.12\bin;C:\Program Files\dotnet\;C:\Program Files (x86)\NVIDIA Corporation\PhysX\Common;C:\Users\Jo\AppData\Local\Microsoft\WindowsApps;
USERNAME=Jo
OS=Windows_NT
PROCESSOR_IDENTIFIER=Intel64 Family 6 Model 142 Stepping 11, GenuineIntel



---------------  S Y S T E M  ---------------

OS: Windows 10.0 , 64 bit Build 18362 (10.0.18362.778)

CPU:total 4 (initial active 4) (2 cores per cpu, 2 threads per core) family 6 model 142 stepping 11, cmov, cx8, fxsr, mmx, sse, sse2, sse3, ssse3, sse4.1, sse4.2, popcnt, aes, clmul, erms, 3dnowpref, lzcnt, ht, tsc, tscinvbit

Memory: 4k page, physical 4071664k(602544k free), swap 6119664k(5772k free)

vm_info: OpenJDK 64-Bit Server VM (25.71-b00) for windows-amd64 JRE (1.8.0-adoptopenjdk-_2018_05_19_00_59-b00), built on May 19 2018 01:02:12 by "jenkins" with MS VC++ 10.0 (VS2010)

time: Tue May 26 15:05:20 2020
elapsed time: 0 seconds (0d 0h 0m 0s)

