#
# There is insufficient memory for the Java Runtime Environment to continue.
# Native memory allocation (malloc) failed to allocate 435216 bytes for Chunk::new
# Possible reasons:
#   The system is out of physical RAM or swap space
#   In 32 bit mode, the process size limit was hit
# Possible solutions:
#   Reduce memory load on the system
#   Increase physical memory or swap space
#   Check if swap backing store is full
#   Use 64 bit Java on a 64 bit OS
#   Decrease Java heap size (-Xmx/-Xms)
#   Decrease number of Java threads
#   Decrease Java thread stack sizes (-Xss)
#   Set larger code cache with -XX:ReservedCodeCacheSize=
# This output file may be truncated or incomplete.
#
#  Out of Memory Error (allocation.cpp:390), pid=1300, tid=0x000000000000272c
#
# JRE version: OpenJDK Runtime Environment (8.0) (build 1.8.0-adoptopenjdk-_2018_05_19_00_59-b00)
# Java VM: OpenJDK 64-Bit Server VM (25.71-b00 mixed mode windows-amd64 compressed oops)
# Failed to write core dump. Minidumps are not enabled by default on client versions of Windows
#

---------------  T H R E A D  ---------------

Current thread (0x0000000014fa7000):  JavaThread "C2 CompilerThread0" daemon [_thread_in_native, id=10028, stack(0x0000000016620000,0x0000000016720000)]

Stack: [0x0000000016620000,0x0000000016720000]
[error occurred during error reporting (printing stack bounds), id 0xc0000005]

Native frames: (J=compiled Java code, j=interpreted, Vv=VM code, C=native code)


Current CompileTask:
C2:   1364  798       4       java.io.WinNTFileSystem::normalize (143 bytes)


---------------  P R O C E S S  ---------------

Java Threads: ( => current thread )
  0x00000000173d4800 JavaThread "pool-1-thread-1" [_thread_blocked, id=2712, stack(0x0000000017720000,0x0000000017820000)]
  0x000000001694b800 JavaThread "Service Thread" daemon [_thread_blocked, id=5612, stack(0x0000000016d20000,0x0000000016e20000)]
  0x0000000014fb8000 JavaThread "C1 CompilerThread2" daemon [_thread_blocked, id=3044, stack(0x0000000016820000,0x0000000016920000)]
  0x0000000014fa9000 JavaThread "C2 CompilerThread1" daemon [_thread_blocked, id=11172, stack(0x0000000016720000,0x0000000016820000)]
=>0x0000000014fa7000 JavaThread "C2 CompilerThread0" daemon [_thread_in_native, id=10028, stack(0x0000000016620000,0x0000000016720000)]
  0x0000000014fa6800 JavaThread "Attach Listener" daemon [_thread_blocked, id=2300, stack(0x0000000016520000,0x0000000016620000)]
  0x0000000014fa4000 JavaThread "Signal Dispatcher" daemon [_thread_blocked, id=10976, stack(0x0000000016420000,0x0000000016520000)]
  0x00000000029cd000 JavaThread "Finalizer" daemon [_thread_blocked, id=3356, stack(0x00000000161f0000,0x00000000162f0000)]
  0x00000000029c4000 JavaThread "Reference Handler" daemon [_thread_blocked, id=2944, stack(0x00000000160f0000,0x00000000161f0000)]
  0x00000000028d1000 JavaThread "main" [_thread_in_vm, id=4664, stack(0x0000000002780000,0x0000000002880000)]

Other Threads:
  0x0000000014f64000 VMThread [stack: 0x0000000015ff0000,0x00000000160f0000] [id=12128]
  0x000000001694d000 WatcherThread [stack: 0x0000000016e20000,0x0000000016f20000] [id=3420]

VM state:not at safepoint (normal execution)

VM Mutex/Monitor currently owned by a thread: None

Heap:
 PSYoungGen      total 18944K, used 15567K [0x00000000eb400000, 0x00000000ec900000, 0x0000000100000000)
  eden space 16384K, 79% used [0x00000000eb400000,0x00000000ec0b92f0,0x00000000ec400000)
  from space 2560K, 99% used [0x00000000ec400000,0x00000000ec67ac20,0x00000000ec680000)
  to   space 2560K, 0% used [0x00000000ec680000,0x00000000ec680000,0x00000000ec900000)
 ParOldGen       total 44032K, used 90K [0x00000000c1c00000, 0x00000000c4700000, 0x00000000eb400000)
  object space 44032K, 0% used [0x00000000c1c00000,0x00000000c1c16a90,0x00000000c4700000)
 Metaspace       used 7688K, capacity 7878K, committed 8064K, reserved 1056768K
  class space    used 1008K, capacity 1093K, committed 1152K, reserved 1048576K

Card table byte_map: [0x0000000011d90000,0x0000000011f90000] byte_map_base: 0x0000000011782000

Marking Bits: (ParMarkBitMap*) 0x000000006105be50
 Begin Bits: [0x00000000124e0000, 0x0000000013470000)
 End Bits:   [0x0000000013470000, 0x0000000014400000)

Polling page: 0x0000000000b00000

CodeCache: size=245760Kb used=3163Kb max_used=3175Kb free=242596Kb
 bounds [0x00000000029d0000, 0x0000000002cf0000, 0x00000000119d0000]
 total_blobs=1104 nmethods=803 adapters=216
 compilation: enabled

Compilation events (10 events):
Event: 1.345 Thread 0x0000000014fa9000  800       4       java.lang.String::toLowerCase (439 bytes)
Event: 1.346 Thread 0x0000000014fb8000  801       3       java.util.HashMap::containsKey (18 bytes)
Event: 1.347 Thread 0x0000000014fb8000 nmethod 801 0x0000000002cdfcd0 code [0x0000000002cdfe60, 0x0000000002ce0258]
Event: 1.347 Thread 0x0000000014fb8000  802       3       java.io.File::isFile (43 bytes)
Event: 1.347 Thread 0x0000000014fb8000 nmethod 802 0x0000000002cdf590 code [0x0000000002cdf720, 0x0000000002cdfba8]
Event: 1.349 Thread 0x0000000014fb8000  803       1       org.gradle.internal.classpath.DefaultClassPath$ImmutableUniqueList::size (5 bytes)
Event: 1.349 Thread 0x0000000014fb8000 nmethod 803 0x0000000002ce1550 code [0x0000000002ce16a0, 0x0000000002ce17b0]
Event: 1.358 Thread 0x0000000014fa9000 nmethod 800 0x0000000002cebf50 code [0x0000000002cec0e0, 0x0000000002cec858]
Event: 1.358 Thread 0x0000000014fb8000  804       3       java.io.BufferedReader::readLine (6 bytes)
Event: 1.358 Thread 0x0000000014fb8000 nmethod 804 0x0000000002ce1d50 code [0x0000000002ce1ec0, 0x0000000002ce2048]

GC Heap History (2 events):
Event: 0.870 GC heap before
{Heap before GC invocations=1 (full 0):
 PSYoungGen      total 18944K, used 16384K [0x00000000eb400000, 0x00000000ec900000, 0x0000000100000000)
  eden space 16384K, 100% used [0x00000000eb400000,0x00000000ec400000,0x00000000ec400000)
  from space 2560K, 0% used [0x00000000ec680000,0x00000000ec680000,0x00000000ec900000)
  to   space 2560K, 0% used [0x00000000ec400000,0x00000000ec400000,0x00000000ec680000)
 ParOldGen       total 44032K, used 0K [0x00000000c1c00000, 0x00000000c4700000, 0x00000000eb400000)
  object space 44032K, 0% used [0x00000000c1c00000,0x00000000c1c00000,0x00000000c4700000)
 Metaspace       used 5696K, capacity 5844K, committed 5888K, reserved 1056768K
  class space    used 691K, capacity 742K, committed 768K, reserved 1048576K
Event: 0.875 GC heap after
Heap after GC invocations=1 (full 0):
 PSYoungGen      total 18944K, used 2539K [0x00000000eb400000, 0x00000000ec900000, 0x0000000100000000)
  eden space 16384K, 0% used [0x00000000eb400000,0x00000000eb400000,0x00000000ec400000)
  from space 2560K, 99% used [0x00000000ec400000,0x00000000ec67ac20,0x00000000ec680000)
  to   space 2560K, 0% used [0x00000000ec680000,0x00000000ec680000,0x00000000ec900000)
 ParOldGen       total 44032K, used 90K [0x00000000c1c00000, 0x00000000c4700000, 0x00000000eb400000)
  object space 44032K, 0% used [0x00000000c1c00000,0x00000000c1c16a90,0x00000000c4700000)
 Metaspace       used 5696K, capacity 5844K, committed 5888K, reserved 1056768K
  class space    used 691K, capacity 742K, committed 768K, reserved 1048576K
}

Deoptimization events (2 events):
Event: 0.390 Thread 0x00000000028d1000 Uncommon trap: reason=unstable_if action=reinterpret pc=0x0000000002b24218 method=java.lang.String.toLowerCase(Ljava/util/Locale;)Ljava/lang/String; @ 85
Event: 1.238 Thread 0x00000000028d1000 Uncommon trap: reason=unstable_if action=reinterpret pc=0x0000000002c42868 method=java.util.HashMap.hash(Ljava/lang/Object;)I @ 1

Classes redefined (0 events):
No events

Internal exceptions (10 events):
Event: 1.270 Thread 0x00000000028d1000 Exception <a 'java/lang/ArrayIndexOutOfBoundsException'> (0x00000000ebcdcfd0) thrown at [C:\Users\jenkins\workspace\openjdk8_build_x86-64_windows\openjdk\hotspot\src\share\vm\runtime\sharedRuntime.cpp, line 605]
Event: 1.271 Thread 0x00000000028d1000 Exception <a 'java/lang/ArrayIndexOutOfBoundsException'> (0x00000000ebce6060) thrown at [C:\Users\jenkins\workspace\openjdk8_build_x86-64_windows\openjdk\hotspot\src\share\vm\runtime\sharedRuntime.cpp, line 605]
Event: 1.271 Thread 0x00000000028d1000 Exception <a 'java/lang/ArrayIndexOutOfBoundsException'> (0x00000000ebce8498) thrown at [C:\Users\jenkins\workspace\openjdk8_build_x86-64_windows\openjdk\hotspot\src\share\vm\runtime\sharedRuntime.cpp, line 605]
Event: 1.271 Thread 0x00000000028d1000 Exception <a 'java/lang/ArrayIndexOutOfBoundsException'> (0x00000000ebcf4800) thrown at [C:\Users\jenkins\workspace\openjdk8_build_x86-64_windows\openjdk\hotspot\src\share\vm\runtime\sharedRuntime.cpp, line 605]
Event: 1.271 Thread 0x00000000028d1000 Exception <a 'java/lang/ArrayIndexOutOfBoundsException'> (0x00000000ebcf6950) thrown at [C:\Users\jenkins\workspace\openjdk8_build_x86-64_windows\openjdk\hotspot\src\share\vm\runtime\sharedRuntime.cpp, line 605]
Event: 1.272 Thread 0x00000000028d1000 Exception <a 'java/lang/ArrayIndexOutOfBoundsException'> (0x00000000ebcf9930) thrown at [C:\Users\jenkins\workspace\openjdk8_build_x86-64_windows\openjdk\hotspot\src\share\vm\runtime\sharedRuntime.cpp, line 605]
Event: 1.272 Thread 0x00000000028d1000 Exception <a 'java/lang/ArrayIndexOutOfBoundsException'> (0x00000000ebd04940) thrown at [C:\Users\jenkins\workspace\openjdk8_build_x86-64_windows\openjdk\hotspot\src\share\vm\runtime\sharedRuntime.cpp, line 605]
Event: 1.272 Thread 0x00000000028d1000 Exception <a 'java/lang/ArrayIndexOutOfBoundsException'> (0x00000000ebd11018) thrown at [C:\Users\jenkins\workspace\openjdk8_build_x86-64_windows\openjdk\hotspot\src\share\vm\runtime\sharedRuntime.cpp, line 605]
Event: 1.273 Thread 0x00000000028d1000 Exception <a 'java/lang/ArrayIndexOutOfBoundsException'> (0x00000000ebd12de0) thrown at [C:\Users\jenkins\workspace\openjdk8_build_x86-64_windows\openjdk\hotspot\src\share\vm\runtime\sharedRuntime.cpp, line 605]
Event: 1.273 Thread 0x00000000028d1000 Exception <a 'java/lang/ArrayIndexOutOfBoundsException'> (0x00000000ebd14c00) thrown at [C:\Users\jenkins\workspace\openjdk8_build_x86-64_windows\openjdk\hotspot\src\share\vm\runtime\sharedRuntime.cpp, line 605]

Events (10 events):
Event: 1.354 loading class org/objectweb/asm/Type
Event: 1.354 loading class org/objectweb/asm/Type done
Event: 1.359 loading class org/gradle/internal/installation/GradleRuntimeShadedJarDetector
Event: 1.359 loading class org/gradle/internal/installation/GradleRuntimeShadedJarDetector done
Event: 1.361 loading class org/gradle/initialization/DefaultClassLoaderRegistry
Event: 1.361 loading class org/gradle/initialization/DefaultClassLoaderRegistry done
Event: 1.362 loading class org/gradle/initialization/MixInLegacyTypesClassLoader
Event: 1.362 loading class org/gradle/initialization/MixInLegacyTypesClassLoader done
Event: 1.362 loading class org/gradle/internal/classloader/TransformingClassLoader
Event: 1.362 loading class org/gradle/internal/classloader/TransformingClassLoader done


Dynamic libraries:
0x00007ff6ce9c0000 - 0x00007ff6ce9f5000 	C:\Program Files\Unity\2019.3.11f1\Editor\Data\PlaybackEngines\AndroidPlayer\OpenJDK\bin\java.exe
0x00007ff835b20000 - 0x00007ff835d10000 	C:\Windows\SYSTEM32\ntdll.dll
0x00007ff834280000 - 0x00007ff834332000 	C:\Windows\System32\KERNEL32.DLL
0x00007ff833570000 - 0x00007ff833814000 	C:\Windows\System32\KERNELBASE.dll
0x00007ff835720000 - 0x00007ff8357c3000 	C:\Windows\System32\ADVAPI32.dll
0x00007ff834a50000 - 0x00007ff834aee000 	C:\Windows\System32\msvcrt.dll
0x00007ff8349b0000 - 0x00007ff834a47000 	C:\Windows\System32\sechost.dll
0x00007ff835960000 - 0x00007ff835a80000 	C:\Windows\System32\RPCRT4.dll
0x00007ff834340000 - 0x00007ff8344d4000 	C:\Windows\System32\USER32.dll
0x00007ff833aa0000 - 0x00007ff833ac1000 	C:\Windows\System32\win32u.dll
0x00007ff835930000 - 0x00007ff835956000 	C:\Windows\System32\GDI32.dll
0x00007ff832b50000 - 0x00007ff832ce4000 	C:\Windows\System32\gdi32full.dll
0x00007ff832ab0000 - 0x00007ff832b4e000 	C:\Windows\System32\msvcp_win.dll
0x00007ff833ad0000 - 0x00007ff833bca000 	C:\Windows\System32\ucrtbase.dll
0x00007ff814950000 - 0x00007ff814bd4000 	C:\Windows\WinSxS\amd64_microsoft.windows.common-controls_6595b64144ccf1df_6.0.18362.836_none_e6c4b943130f18ed\COMCTL32.dll
0x00007ff833bd0000 - 0x00007ff833f06000 	C:\Windows\System32\combase.dll
0x00007ff8334f0000 - 0x00007ff833570000 	C:\Windows\System32\bcryptPrimitives.dll
0x00007ff833fa0000 - 0x00007ff833fce000 	C:\Windows\System32\IMM32.DLL
0x00000000610e0000 - 0x00000000611b2000 	C:\Program Files\Unity\2019.3.11f1\Editor\Data\PlaybackEngines\AndroidPlayer\OpenJDK\jre\bin\msvcr100.dll
0x0000000060890000 - 0x00000000610d9000 	C:\Program Files\Unity\2019.3.11f1\Editor\Data\PlaybackEngines\AndroidPlayer\OpenJDK\jre\bin\server\jvm.dll
0x00007ff833f10000 - 0x00007ff833f18000 	C:\Windows\System32\PSAPI.DLL
0x00007ff830350000 - 0x00007ff830374000 	C:\Windows\SYSTEM32\WINMM.dll
0x00007ff82a880000 - 0x00007ff82a88a000 	C:\Windows\SYSTEM32\VERSION.dll
0x00007ff82e820000 - 0x00007ff82e829000 	C:\Windows\SYSTEM32\WSOCK32.dll
0x00007ff830320000 - 0x00007ff83034d000 	C:\Windows\SYSTEM32\WINMMBASE.dll
0x00007ff833a50000 - 0x00007ff833a9a000 	C:\Windows\System32\cfgmgr32.dll
0x00007ff834ee0000 - 0x00007ff834f4f000 	C:\Windows\System32\WS2_32.dll
0x00007ff82e810000 - 0x00007ff82e81f000 	C:\Program Files\Unity\2019.3.11f1\Editor\Data\PlaybackEngines\AndroidPlayer\OpenJDK\jre\bin\verify.dll
0x00007ff82e7e0000 - 0x00007ff82e809000 	C:\Program Files\Unity\2019.3.11f1\Editor\Data\PlaybackEngines\AndroidPlayer\OpenJDK\jre\bin\java.dll
0x00007ff82e7c0000 - 0x00007ff82e7d6000 	C:\Program Files\Unity\2019.3.11f1\Editor\Data\PlaybackEngines\AndroidPlayer\OpenJDK\jre\bin\zip.dll
0x00007ff835030000 - 0x00007ff835714000 	C:\Windows\System32\SHELL32.dll
0x00007ff8341c0000 - 0x00007ff834269000 	C:\Windows\System32\shcore.dll
0x00007ff832d70000 - 0x00007ff8334ee000 	C:\Windows\System32\windows.storage.dll
0x00007ff8329f0000 - 0x00007ff832a13000 	C:\Windows\System32\profapi.dll
0x00007ff832a40000 - 0x00007ff832a8a000 	C:\Windows\System32\powrprof.dll
0x00007ff8329e0000 - 0x00007ff8329f0000 	C:\Windows\System32\UMPDC.dll
0x00007ff8344e0000 - 0x00007ff834532000 	C:\Windows\System32\shlwapi.dll
0x00007ff832a20000 - 0x00007ff832a31000 	C:\Windows\System32\kernel.appcore.dll
0x00007ff832cf0000 - 0x00007ff832d07000 	C:\Windows\System32\cryptsp.dll
0x00007ff82d930000 - 0x00007ff82d94a000 	C:\Program Files\Unity\2019.3.11f1\Editor\Data\PlaybackEngines\AndroidPlayer\OpenJDK\jre\bin\net.dll
0x00007ff8321f0000 - 0x00007ff832257000 	C:\Windows\system32\mswsock.dll
0x00007ff82cc80000 - 0x00007ff82cc91000 	C:\Program Files\Unity\2019.3.11f1\Editor\Data\PlaybackEngines\AndroidPlayer\OpenJDK\jre\bin\nio.dll
0x00007ff82cc60000 - 0x00007ff82cc7e000 	C:\Users\Jo\.gradle\native\25\windows-amd64\native-platform.dll
0x00007ff82cbc0000 - 0x00007ff82cbcd000 	C:\Program Files\Unity\2019.3.11f1\Editor\Data\PlaybackEngines\AndroidPlayer\OpenJDK\jre\bin\management.dll

VM Arguments:
java_command: org.gradle.launcher.GradleMain -Dorg.gradle.jvmargs=-Xmx4096m --stop
java_class_path (initial): C:\Program Files\Unity\2019.3.11f1\Editor\Data\PlaybackEngines\AndroidPlayer\Tools\gradle\lib\gradle-launcher-5.1.1.jar
Launcher Type: SUN_STANDARD

Environment Variables:
JAVA_HOME=C:/Program Files/Unity/2019.3.11f1/Editor/Data/PlaybackEngines/AndroidPlayer\OpenJDK
PATH=C:\Program Files (x86)\Common Files\Oracle\Java\javapath;C:\Program Files (x86)\Common Files\Intel\Shared Libraries\redist\intel64\compiler;C:\Windows\system32;C:\Windows;C:\Windows\System32\Wbem;C:\Windows\System32\WindowsPowerShell\v1.0\;C:\Windows\System32\OpenSSH\;C:\Program Files (x86)\GtkSharp\2.12\bin;C:\Program Files\dotnet\;C:\Program Files (x86)\NVIDIA Corporation\PhysX\Common;C:\Users\Jo\AppData\Local\Microsoft\WindowsApps;
USERNAME=Jo
OS=Windows_NT
PROCESSOR_IDENTIFIER=Intel64 Family 6 Model 142 Stepping 11, GenuineIntel



---------------  S Y S T E M  ---------------

OS: Windows 10.0 , 64 bit Build 18362 (10.0.18362.778)

CPU:total 4 (initial active 4) (2 cores per cpu, 2 threads per core) family 6 model 142 stepping 11, cmov, cx8, fxsr, mmx, sse, sse2, sse3, ssse3, sse4.1, sse4.2, popcnt, aes, clmul, erms, 3dnowpref, lzcnt, ht, tsc, tscinvbit

Memory: 4k page, physical 4071664k(204528k free), swap 6119664k(4676k free)

vm_info: OpenJDK 64-Bit Server VM (25.71-b00) for windows-amd64 JRE (1.8.0-adoptopenjdk-_2018_05_19_00_59-b00), built on May 19 2018 01:02:12 by "jenkins" with MS VC++ 10.0 (VS2010)

time: Sat Jun 06 15:49:47 2020
elapsed time: 1 seconds (0d 0h 0m 1s)

